<?xml version="1.0" encoding="UTF-8"?>
<testsuites name="jest tests" tests="2" failures="0" time="5.37">
  <testsuite name="undefined" errors="0" failures="0" skipped="0" timestamp="2019-07-09T20:08:10" time="1.39" tests="1">
    <testcase classname="  add 2 + 2 " name="  add 2 + 2 " time="0.006">
    </testcase>
  </testsuite>
  <testsuite name="undefined" errors="0" failures="0" skipped="0" timestamp="2019-07-09T20:08:10" time="3.109" tests="1">
    <testcase classname=" renders without crashing" name=" renders without crashing" time="0.16">
    </testcase>
  </testsuite>
</testsuites>